<?xml version="1.0" encoding="UTF-8"?>
<!-- Generated by org.testng.reporters.JUnitXMLReporter -->
<testsuite ignored="0" hostname="Users-MacBook-Pro.local" failures="1" tests="6" name="Surefire test" time="57.711" errors="0" timestamp="2020-10-27T16:11:12 EDT">
  <testcase classname="qa.walo.testcases.ContactPageTest" name="@BeforeMethod setup" time="5.557">
    <failure type="org.openqa.selenium.ElementClickInterceptedException" message="element click intercepted: Element &amp;lt;a href=&amp;quot;#sidewidgetarea&amp;quot; aria-label=&amp;quot;Navigation Menu&amp;quot; aria-expanded=&amp;quot;false&amp;quot; class=&amp;quot;closed&amp;quot;&amp;gt;...&amp;lt;/a&amp;gt; is not clickable at point (1220, 70). Other element would receive the click: &amp;lt;div class=&amp;quot;loading-icon none&amp;quot; style=&amp;quot;transition: opacity 500ms ease 0s; opacity: 0;&amp;quot;&amp;gt;...&amp;lt;/div&amp;gt;
  (Session info: chrome=86.0.4240.111)
Build info: version: &amp;apos;3.141.59&amp;apos;, revision: &amp;apos;e82be7d358&amp;apos;, time: &amp;apos;2018-11-14T08:17:03&amp;apos;
System info: host: &amp;apos;Users-MacBook-Pro.local&amp;apos;, ip: &amp;apos;2607:fea8:d21:b90:0:0:0:5cd9%en0&amp;apos;, os.name: &amp;apos;Mac OS X&amp;apos;, os.arch: &amp;apos;x86_64&amp;apos;, os.version: &amp;apos;10.15.7&amp;apos;, java.version: &amp;apos;14.0.2&amp;apos;
Driver info: org.openqa.selenium.chrome.ChromeDriver
Capabilities {acceptInsecureCerts: false, browserName: chrome, browserVersion: 86.0.4240.111, chrome: {chromedriverVersion: 86.0.4240.22 (398b0743353ff..., userDataDir: /var/folders/xd/pfq2nrjd1db...}, goog:chromeOptions: {debuggerAddress: localhost:54674}, javascriptEnabled: true, networkConnectionEnabled: false, pageLoadStrategy: normal, platform: MAC, platformName: MAC, proxy: Proxy(), setWindowRect: true, strictFileInteractability: false, timeouts: {implicit: 0, pageLoad: 300000, script: 30000}, unhandledPromptBehavior: dismiss and notify, webauthn:virtualAuthenticators: true}
Session ID: ca7d9cd80a8824268311b3c0d75a0c8b">
      <![CDATA[org.openqa.selenium.ElementClickInterceptedException: element click intercepted: Element <a href="#sidewidgetarea" aria-label="Navigation Menu" aria-expanded="false" class="closed">...</a> is not clickable at point (1220, 70). Other element would receive the click: <div class="loading-icon none" style="transition: opacity 500ms ease 0s; opacity: 0;">...</div>
  (Session info: chrome=86.0.4240.111)
Build info: version: '3.141.59', revision: 'e82be7d358', time: '2018-11-14T08:17:03'
System info: host: 'Users-MacBook-Pro.local', ip: '2607:fea8:d21:b90:0:0:0:5cd9%en0', os.name: 'Mac OS X', os.arch: 'x86_64', os.version: '10.15.7', java.version: '14.0.2'
Driver info: org.openqa.selenium.chrome.ChromeDriver
Capabilities {acceptInsecureCerts: false, browserName: chrome, browserVersion: 86.0.4240.111, chrome: {chromedriverVersion: 86.0.4240.22 (398b0743353ff..., userDataDir: /var/folders/xd/pfq2nrjd1db...}, goog:chromeOptions: {debuggerAddress: localhost:54674}, javascriptEnabled: true, networkConnectionEnabled: false, pageLoadStrategy: normal, platform: MAC, platformName: MAC, proxy: Proxy(), setWindowRect: true, strictFileInteractability: false, timeouts: {implicit: 0, pageLoad: 300000, script: 30000}, unhandledPromptBehavior: dismiss and notify, webauthn:virtualAuthenticators: true}
Session ID: ca7d9cd80a8824268311b3c0d75a0c8b
at org.openqa.selenium.remote.http.W3CHttpResponseCodec.createException(W3CHttpResponseCodec.java:187)
at org.openqa.selenium.remote.http.W3CHttpResponseCodec.decode(W3CHttpResponseCodec.java:122)
at org.openqa.selenium.remote.http.W3CHttpResponseCodec.decode(W3CHttpResponseCodec.java:49)
at org.openqa.selenium.remote.HttpCommandExecutor.execute(HttpCommandExecutor.java:158)
at org.openqa.selenium.remote.service.DriverCommandExecutor.execute(DriverCommandExecutor.java:83)
at org.openqa.selenium.remote.RemoteWebDriver.execute(RemoteWebDriver.java:552)
at org.openqa.selenium.remote.RemoteWebElement.execute(RemoteWebElement.java:285)
at org.openqa.selenium.remote.RemoteWebElement.click(RemoteWebElement.java:84)
at org.openqa.selenium.support.pagefactory.internal.LocatingElementHandler.invoke(LocatingElementHandler.java:51)
at com.sun.proxy.$Proxy9.click(Unknown Source)
at qa.walo.pages.HomePage.openContactPage(HomePage.java:55)
at qa.walo.testcases.ContactPageTest.setup(ContactPageTest.java:26)
at java.base/java.util.ArrayList.forEach(ArrayList.java:1511)
... Removed 45 stack frames]]>
    </failure>
  </testcase> <!-- @BeforeMethod setup -->
  <testcase classname="qa.walo.testcases.ContactPageTest" name="@AfterMethod tearDown" time="-1.603829433555E9">
    <skipped/>
  </testcase> <!-- @AfterMethod tearDown -->
  <testcase classname="qa.walo.testcases.ContactPageTest" name="verifyContactPageTitleTest" time="0.009"/>
  <testcase classname="qa.walo.testcases.ContactPageTest" name="verifyContactPageURLTest" time="0.0">
    <skipped/>
  </testcase> <!-- verifyContactPageURLTest -->
  <testcase classname="qa.walo.testcases.HomePageTest" name="HomePageTitleTest" time="0.005"/>
  <testcase classname="qa.walo.testcases.HomePageTest" name="appLogoTest" time="0.022"/>
  <testcase classname="qa.walo.testcases.HomePageTest" name="header1test" time="0.064">
    <failure type="java.lang.AssertionError" message="expected [Teach your kids the value of money] but found []">
      <![CDATA[java.lang.AssertionError: expected [Teach your kids the value of money] but found []
at qa.walo.testcases.HomePageTest.header1test(HomePageTest.java:37)
at java.base/java.util.ArrayList.forEach(ArrayList.java:1511)
... Removed 38 stack frames]]>
    </failure>
  </testcase> <!-- header1test -->
  <testcase classname="qa.walo.testcases.HomePageTest" name="navigateToAboutPageTest" time="4.348"/>
</testsuite> <!-- Surefire test -->
