<?xml version="1.0" encoding="UTF-8"?>
<!-- Generated by org.testng.reporters.JUnitXMLReporter -->
<testsuite ignored="0" hostname="Users-MacBook-Pro.local" failures="2" tests="6" name="Walo Regression Test Cases" time="57.746" errors="0" timestamp="2020-10-26T15:04:18 EDT">
  <testcase classname="qa.walo.testcases.HomePageTest" name="HomePageTitleTest" time="0.048"/>
  <testcase classname="qa.walo.testcases.HomePageTest" name="appLogoTest" time="0.101">
    <failure type="java.lang.AssertionError" message="expected [true] but found [false]">
      <![CDATA[java.lang.AssertionError: expected [true] but found [false]
at qa.walo.testcases.HomePageTest.appLogoTest(HomePageTest.java:43)
at java.base/java.util.ArrayList.forEach(ArrayList.java:1511)
... Removed 33 stack frames]]>
    </failure>
  </testcase> <!-- appLogoTest -->
  <testcase classname="qa.walo.testcases.HomePageTest" name="header1test" time="0.031">
    <failure type="java.lang.AssertionError" message="expected [Teach your kids the value of money] but found []">
      <![CDATA[java.lang.AssertionError: expected [Teach your kids the value of money] but found []
at qa.walo.testcases.HomePageTest.header1test(HomePageTest.java:37)
at java.base/java.util.ArrayList.forEach(ArrayList.java:1511)
... Removed 33 stack frames]]>
    </failure>
  </testcase> <!-- header1test -->
  <testcase classname="qa.walo.testcases.HomePageTest" name="navigateToAboutPageTest" time="4.446"/>
  <testcase classname="qa.walo.testcases.ContactPageTest" name="verifyContactPageTitleTest" time="0.007"/>
  <testcase classname="qa.walo.testcases.ContactPageTest" name="verifyContactPageURLTest" time="0.01"/>
</testsuite> <!-- Walo Regression Test Cases -->
